{
  "stats": {
    "suites": 2,
    "tests": 2,
    "passes": 2,
    "pending": 0,
    "failures": 0,
    "start": "2023-05-18T03:05:38.401Z",
    "end": "2023-05-18T03:05:43.669Z",
    "duration": 5268,
    "testsRegistered": 2,
    "passPercent": 100,
    "pendingPercent": 0,
    "other": 0,
    "hasOther": false,
    "skipped": 0,
    "hasSkipped": false
  },
  "results": [
    {
      "uuid": "cf126c95-a595-4c2b-a120-062b47828a70",
      "title": "",
      "fullFile": "",
      "file": "",
      "beforeHooks": [],
      "afterHooks": [],
      "tests": [],
      "suites": [
        {
          "uuid": "1c05dbcb-360f-4f22-a7c5-ab8884000847",
          "title": "add another todo tests",
          "fullFile": "C:\\Users\\afshi\\selenium\\LAMBADATEST\\selenium-proj1\\test\\test2.js",
          "file": "\\test\\test2.js",
          "beforeHooks": [],
          "afterHooks": [],
          "tests": [
            {
              "title": "successfully adds another todo to application",
              "fullTitle": "add another todo tests successfully adds another todo to application",
              "timedOut": null,
              "duration": 4600,
              "state": "passed",
              "speed": "slow",
              "pass": true,
              "fail": false,
              "pending": false,
              "context": null,
              "code": "let driver = await new Builder().forBrowser(\"firefox\").build();\nawait driver.get(\"https://lambdatest.github.io/sample-todo-app/\");\nawait driver\n  .findElement(By.id(\"sampletodotext\"))\n  .sendKeys(\"Learn Selenium\", Key.RETURN);\n//assert\nlet todoText = await driver\n  .findElement(By.xpath(\"//li[last()]\"))\n  .getText()\n  .then(function (value) {\n    return value;\n  });\n// assert using chai should\ntodoText.should.equal(\"Learn Selenium\");\nawait driver.quit();",
              "err": {},
              "uuid": "6383c2d6-27db-47a6-ab42-348ff4fd7374",
              "parentUUID": null,
              "isHook": false,
              "skipped": false
            }
          ],
          "suites": [],
          "passes": [
            "6383c2d6-27db-47a6-ab42-348ff4fd7374"
          ],
          "failures": [],
          "pending": [],
          "skipped": [],
          "duration": 4600,
          "root": false,
          "rootEmpty": false,
          "_timeout": null
        },
        {
          "uuid": "30c536bd-dfe8-4059-8c80-7eaa847dba6a",
          "title": "add todo tests",
          "fullFile": "C:\\Users\\afshi\\selenium\\LAMBADATEST\\selenium-proj1\\test\\test1.js",
          "file": "\\test\\test1.js",
          "beforeHooks": [],
          "afterHooks": [],
          "tests": [
            {
              "title": "successfully adds a todo to application",
              "fullTitle": "add todo tests successfully adds a todo to application",
              "timedOut": null,
              "duration": 4722,
              "state": "passed",
              "speed": "slow",
              "pass": true,
              "fail": false,
              "pending": false,
              "context": null,
              "code": "let driver = await new Builder().forBrowser(\"firefox\").build();\nawait driver.get(\"https://lambdatest.github.io/sample-todo-app/\");\nawait driver\n  .findElement(By.id(\"sampletodotext\"))\n  .sendKeys(\"Learn Selenium\", Key.RETURN);\n//assert\nlet todoText = await driver\n  .findElement(By.xpath(\"//li[last()]\"))\n  .getText()\n  .then(function (value) {\n    return value;\n  });\n// assert using chai should\ntodoText.should.equal(\"Learn Selenium\");\nawait driver.quit();",
              "err": {},
              "uuid": "84c6a4bf-c1d5-48e7-8ade-1f7417ed7a28",
              "parentUUID": null,
              "isHook": false,
              "skipped": false
            }
          ],
          "suites": [],
          "passes": [
            "84c6a4bf-c1d5-48e7-8ade-1f7417ed7a28"
          ],
          "failures": [],
          "pending": [],
          "skipped": [],
          "duration": 4722,
          "root": false,
          "rootEmpty": false,
          "_timeout": null
        }
      ],
      "passes": [],
      "failures": [],
      "pending": [],
      "skipped": [],
      "duration": 0,
      "root": true,
      "rootEmpty": true,
      "_timeout": 0
    }
  ],
  "meta": {
    "mocha": {
      "version": "10.2.0"
    },
    "mochawesome": {
      "options": {
        "quiet": false,
        "reportFilename": "mochawesome",
        "saveHtml": true,
        "saveJson": true,
        "consoleReporter": "spec",
        "useInlineDiffs": false,
        "code": true
      },
      "version": "7.1.3"
    },
    "marge": {
      "options": null,
      "version": "6.2.0"
    }
  }
}